<?xml version="1.0" encoding="UTF-8"?>
<!-- Generated by org.testng.reporters.JUnitReportReporter -->
<testsuite skipped="0" hostname="LAU03004985" name="newtestngpackage.NewTestNGFile" tests="1" failures="0" timestamp="2020-04-05T23:40:49 AEST" time="10.249" errors="0">
  <testcase name="verifyLandingPageTitle" time="10.249" classname="newtestngpackage.NewTestNGFile"/>
  <system-out/>
</testsuite> <!-- newtestngpackage.NewTestNGFile -->
